app/build/intermediates/manifest_merge_blame_file/debug/manifest-merger-blame-debug-report.txt
1<?xml version="1.0" encoding="utf-8"?>
2<manifest xmlns:android="http://schemas.android.com/apk/res/android"
3    package="com.cxdev.voicenotes"
4    android:versionCode="1"
5    android:versionName="1.0" >
6
7    <uses-sdk
8        android:minSdkVersion="28"
8-->src\main\AndroidManifest.xml
9        android:targetSdkVersion="32" />
9-->src\main\AndroidManifest.xml
10
11    <uses-permission android:name="android.permission.RECORD_AUDIO" />
11-->src\main\AndroidManifest.xml:5:5-71
11-->src\main\AndroidManifest.xml:5:22-68
12    <uses-permission android:name="android.permission.INTERNET" />
12-->src\main\AndroidManifest.xml:6:5-67
12-->src\main\AndroidManifest.xml:6:22-64
13    <uses-permission android:name="android.permission.ACCESS_NETWORK_STATE" />
13-->src\main\AndroidManifest.xml:7:5-79
13-->src\main\AndroidManifest.xml:7:22-76
14    <uses-permission android:name="android.permission.WRITE_EXTERNAL_STORAGE" />
14-->src\main\AndroidManifest.xml:8:5-81
14-->src\main\AndroidManifest.xml:8:22-78
15
16    <application
16-->src\main\AndroidManifest.xml:10:5-48:19
17        android:allowBackup="true"
17-->src\main\AndroidManifest.xml:11:9-35
18        android:appComponentFactory="androidx.core.app.CoreComponentFactory"
18-->[androidx.core:core:1.8.0] AndroidManifest.xml:24:18-86
19        android:dataExtractionRules="@xml/data_extraction_rules"
19-->src\main\AndroidManifest.xml:12:9-65
20        android:debuggable="true"
21        android:extractNativeLibs="false"
22        android:fullBackupContent="@xml/backup_rules"
22-->src\main\AndroidManifest.xml:13:9-54
23        android:icon="@mipmap/ic_launcher"
23-->src\main\AndroidManifest.xml:14:9-43
24        android:label="@string/app_name"
24-->src\main\AndroidManifest.xml:15:9-41
25        android:roundIcon="@mipmap/ic_launcher_round"
25-->src\main\AndroidManifest.xml:16:9-54
26        android:supportsRtl="true"
26-->src\main\AndroidManifest.xml:17:9-35
27        android:testOnly="true"
28        android:theme="@style/Theme.VoiceNotes" >
28-->src\main\AndroidManifest.xml:18:9-48
29        <activity
29-->src\main\AndroidManifest.xml:20:9-27:20
30            android:name="com.cxdev.voicenotes.SettingsActivity"
30-->src\main\AndroidManifest.xml:21:13-45
31            android:exported="false"
31-->src\main\AndroidManifest.xml:22:13-37
32            android:label="@string/title_activity_settings" >
32-->src\main\AndroidManifest.xml:23:13-60
33            <meta-data
33-->src\main\AndroidManifest.xml:24:13-26:36
34                android:name="android.app.lib_name"
34-->src\main\AndroidManifest.xml:25:17-52
35                android:value="" />
35-->src\main\AndroidManifest.xml:26:17-33
36        </activity>
37        <activity
37-->src\main\AndroidManifest.xml:28:9-34:20
38            android:name="com.cxdev.voicenotes.HistoryActivity"
38-->src\main\AndroidManifest.xml:29:13-44
39            android:exported="false" >
39-->src\main\AndroidManifest.xml:30:13-37
40            <meta-data
40-->src\main\AndroidManifest.xml:24:13-26:36
41                android:name="android.app.lib_name"
41-->src\main\AndroidManifest.xml:25:17-52
42                android:value="" />
42-->src\main\AndroidManifest.xml:26:17-33
43        </activity>
44        <activity
44-->src\main\AndroidManifest.xml:35:9-47:20
45            android:name="com.cxdev.voicenotes.MainActivity"
45-->src\main\AndroidManifest.xml:36:13-41
46            android:exported="true" >
46-->src\main\AndroidManifest.xml:37:13-36
47            <intent-filter>
47-->src\main\AndroidManifest.xml:38:13-42:29
48                <action android:name="android.intent.action.MAIN" />
48-->src\main\AndroidManifest.xml:39:17-69
48-->src\main\AndroidManifest.xml:39:25-66
49
50                <category android:name="android.intent.category.LAUNCHER" />
50-->src\main\AndroidManifest.xml:41:17-77
50-->src\main\AndroidManifest.xml:41:27-74
51            </intent-filter>
52
53            <meta-data
53-->src\main\AndroidManifest.xml:24:13-26:36
54                android:name="android.app.lib_name"
54-->src\main\AndroidManifest.xml:25:17-52
55                android:value="" />
55-->src\main\AndroidManifest.xml:26:17-33
56        </activity>
57
58        <provider
58-->[androidx.emoji2:emoji2:1.2.0] AndroidManifest.xml:24:9-32:20
59            android:name="androidx.startup.InitializationProvider"
59-->[androidx.emoji2:emoji2:1.2.0] AndroidManifest.xml:25:13-67
60            android:authorities="com.cxdev.voicenotes.androidx-startup"
60-->[androidx.emoji2:emoji2:1.2.0] AndroidManifest.xml:26:13-68
61            android:exported="false" >
61-->[androidx.emoji2:emoji2:1.2.0] AndroidManifest.xml:27:13-37
62            <meta-data
62-->[androidx.emoji2:emoji2:1.2.0] AndroidManifest.xml:29:13-31:52
63                android:name="androidx.emoji2.text.EmojiCompatInitializer"
63-->[androidx.emoji2:emoji2:1.2.0] AndroidManifest.xml:30:17-75
64                android:value="androidx.startup" />
64-->[androidx.emoji2:emoji2:1.2.0] AndroidManifest.xml:31:17-49
65            <meta-data
65-->[androidx.lifecycle:lifecycle-process:2.4.1] AndroidManifest.xml:31:13-33:52
66                android:name="androidx.lifecycle.ProcessLifecycleInitializer"
66-->[androidx.lifecycle:lifecycle-process:2.4.1] AndroidManifest.xml:32:17-78
67                android:value="androidx.startup" />
67-->[androidx.lifecycle:lifecycle-process:2.4.1] AndroidManifest.xml:33:17-49
68        </provider>
69    </application>
70
71</manifest>